<?xml version="1.0" encoding="UTF-8" ?>
<testsuite failures="0" time="39.772" errors="2" skipped="0" tests="2" name="net.continuumsecurity.restyburp.BurpServiceTest">
  <properties>
[...]
</properties>
  <testcase time="8.123" classname="net.continuumsecurity.restyburp.BurpServiceTest" name="testPassiveScan">
    <error message="Unable to locate element by id for com.gargoylesoftware.htmlunit.TextPage@11d00cf
For documentation on this error, please visit: http://seleniumhq.org/exceptions/no_such_element.html
Build info: version: &apos;2.18.0&apos;, revision: &apos;15704&apos;, time: &apos;2012-01-27 17:37:17&apos;
System info: os.name: &apos;Linux&apos;, os.arch: &apos;i386&apos;, os.version: &apos;3.0.0-23-generic&apos;, java.version: &apos;1.6.0_26&apos;
Driver info: driver.version: HtmlUnitDriver" type="org.openqa.selenium.NoSuchElementException">org.openqa.selenium.NoSuchElementException: Unable to locate element by id for com.gargoylesoftware.htmlunit.TextPage@11d00cf
For documentation on this error, please visit: http://seleniumhq.org/exceptions/no_such_element.html
Build info: version: &apos;2.18.0&apos;, revision: &apos;15704&apos;, time: &apos;2012-01-27 17:37:17&apos;
System info: os.name: &apos;Linux&apos;, os.arch: &apos;i386&apos;, os.version: &apos;3.0.0-23-generic&apos;, java.version: &apos;1.6.0_26&apos;
Driver info: driver.version: HtmlUnitDriver
	at org.openqa.selenium.htmlunit.HtmlUnitDriver.findElementById(HtmlUnitDriver.java:687)
	at org.openqa.selenium.By$ById.findElement(By.java:216)
	at org.openqa.selenium.htmlunit.HtmlUnitDriver$5.call(HtmlUnitDriver.java:1240)
	at org.openqa.selenium.htmlunit.HtmlUnitDriver$5.call(HtmlUnitDriver.java:1237)
	at org.openqa.selenium.htmlunit.HtmlUnitDriver.implicitlyWaitFor(HtmlUnitDriver.java:984)
	at org.openqa.selenium.htmlunit.HtmlUnitDriver.findElement(HtmlUnitDriver.java:1237)
	at org.openqa.selenium.htmlunit.HtmlUnitDriver.findElement(HtmlUnitDriver.java:396)
	at net.continuumsecurity.restyburp.BurpServiceTest.login(BurpServiceTest.java:90)
	at net.continuumsecurity.restyburp.BurpServiceTest.testPassiveScan(BurpServiceTest.java:102)
	at sun.reflect.NativeMethodAccessorImpl.invoke0(Native Method)
	at sun.reflect.NativeMethodAccessorImpl.invoke(NativeMethodAccessorImpl.java:39)
	at sun.reflect.DelegatingMethodAccessorImpl.invoke(DelegatingMethodAccessorImpl.java:25)
	at java.lang.reflect.Method.invoke(Method.java:597)
	at org.junit.runners.model.FrameworkMethod$1.runReflectiveCall(FrameworkMethod.java:45)
	at org.junit.internal.runners.model.ReflectiveCallable.run(ReflectiveCallable.java:15)
	at org.junit.runners.model.FrameworkMethod.invokeExplosively(FrameworkMethod.java:42)
	at org.junit.internal.runners.statements.InvokeMethod.evaluate(InvokeMethod.java:20)
	at org.junit.internal.runners.statements.RunBefores.evaluate(RunBefores.java:28)
	at org.junit.runners.ParentRunner.runLeaf(ParentRunner.java:263)
	at org.junit.runners.BlockJUnit4ClassRunner.runChild(BlockJUnit4ClassRunner.java:68)
	at org.junit.runners.BlockJUnit4ClassRunner.runChild(BlockJUnit4ClassRunner.java:47)
	at org.junit.runners.ParentRunner$3.run(ParentRunner.java:231)
	at org.junit.runners.ParentRunner$1.schedule(ParentRunner.java:60)
	at org.junit.runners.ParentRunner.runChildren(ParentRunner.java:229)
	at org.junit.runners.ParentRunner.access$000(ParentRunner.java:50)
	at org.junit.runners.ParentRunner$2.evaluate(ParentRunner.java:222)
	at org.junit.internal.runners.statements.RunBefores.evaluate(RunBefores.java:28)
	at org.junit.internal.runners.statements.RunAfters.evaluate(RunAfters.java:30)
	at org.junit.runners.ParentRunner.run(ParentRunner.java:300)
	at org.apache.maven.surefire.junit4.JUnit4TestSet.execute(JUnit4TestSet.java:62)
	at org.apache.maven.surefire.suite.AbstractDirectoryTestSuite.executeTestSet(AbstractDirectoryTestSuite.java:140)
	at org.apache.maven.surefire.suite.AbstractDirectoryTestSuite.execute(AbstractDirectoryTestSuite.java:127)
	at org.apache.maven.surefire.Surefire.run(Surefire.java:177)
	at sun.reflect.NativeMethodAccessorImpl.invoke0(Native Method)
	at sun.reflect.NativeMethodAccessorImpl.invoke(NativeMethodAccessorImpl.java:39)
	at sun.reflect.DelegatingMethodAccessorImpl.invoke(DelegatingMethodAccessorImpl.java:25)
	at java.lang.reflect.Method.invoke(Method.java:597)
	at org.apache.maven.surefire.booter.SurefireBooter.runSuitesInProcess(SurefireBooter.java:345)
	at org.apache.maven.surefire.booter.SurefireBooter.main(SurefireBooter.java:1009)
</error>
  </testcase>
  <testcase time="1.658" classname="net.continuumsecurity.restyburp.BurpServiceTest" name="testXSSScan">
    <error message="Unable to locate element by id for com.gargoylesoftware.htmlunit.TextPage@9d6d87
For documentation on this error, please visit: http://seleniumhq.org/exceptions/no_such_element.html
Build info: version: &apos;2.18.0&apos;, revision: &apos;15704&apos;, time: &apos;2012-01-27 17:37:17&apos;
System info: os.name: &apos;Linux&apos;, os.arch: &apos;i386&apos;, os.version: &apos;3.0.0-23-generic&apos;, java.version: &apos;1.6.0_26&apos;
Driver info: driver.version: HtmlUnitDriver" type="org.openqa.selenium.NoSuchElementException">org.openqa.selenium.NoSuchElementException: Unable to locate element by id for com.gargoylesoftware.htmlunit.TextPage@9d6d87
For documentation on this error, please visit: http://seleniumhq.org/exceptions/no_such_element.html
Build info: version: &apos;2.18.0&apos;, revision: &apos;15704&apos;, time: &apos;2012-01-27 17:37:17&apos;
System info: os.name: &apos;Linux&apos;, os.arch: &apos;i386&apos;, os.version: &apos;3.0.0-23-generic&apos;, java.version: &apos;1.6.0_26&apos;
Driver info: driver.version: HtmlUnitDriver
	at org.openqa.selenium.htmlunit.HtmlUnitDriver.findElementById(HtmlUnitDriver.java:687)
	at org.openqa.selenium.By$ById.findElement(By.java:216)
	at org.openqa.selenium.htmlunit.HtmlUnitDriver$5.call(HtmlUnitDriver.java:1240)
	at org.openqa.selenium.htmlunit.HtmlUnitDriver$5.call(HtmlUnitDriver.java:1237)
	at org.openqa.selenium.htmlunit.HtmlUnitDriver.implicitlyWaitFor(HtmlUnitDriver.java:984)
	at org.openqa.selenium.htmlunit.HtmlUnitDriver.findElement(HtmlUnitDriver.java:1237)
	at org.openqa.selenium.htmlunit.HtmlUnitDriver.findElement(HtmlUnitDriver.java:396)
	at net.continuumsecurity.restyburp.BurpServiceTest.login(BurpServiceTest.java:90)
	at net.continuumsecurity.restyburp.BurpServiceTest.testXSSScan(BurpServiceTest.java:122)
	at sun.reflect.NativeMethodAccessorImpl.invoke0(Native Method)
	at sun.reflect.NativeMethodAccessorImpl.invoke(NativeMethodAccessorImpl.java:39)
	at sun.reflect.DelegatingMethodAccessorImpl.invoke(DelegatingMethodAccessorImpl.java:25)
	at java.lang.reflect.Method.invoke(Method.java:597)
	at org.junit.runners.model.FrameworkMethod$1.runReflectiveCall(FrameworkMethod.java:45)
	at org.junit.internal.runners.model.ReflectiveCallable.run(ReflectiveCallable.java:15)
	at org.junit.runners.model.FrameworkMethod.invokeExplosively(FrameworkMethod.java:42)
	at org.junit.internal.runners.statements.InvokeMethod.evaluate(InvokeMethod.java:20)
	at org.junit.internal.runners.statements.RunBefores.evaluate(RunBefores.java:28)
	at org.junit.runners.ParentRunner.runLeaf(ParentRunner.java:263)
	at org.junit.runners.BlockJUnit4ClassRunner.runChild(BlockJUnit4ClassRunner.java:68)
	at org.junit.runners.BlockJUnit4ClassRunner.runChild(BlockJUnit4ClassRunner.java:47)
	at org.junit.runners.ParentRunner$3.run(ParentRunner.java:231)
	at org.junit.runners.ParentRunner$1.schedule(ParentRunner.java:60)
	at org.junit.runners.ParentRunner.runChildren(ParentRunner.java:229)
	at org.junit.runners.ParentRunner.access$000(ParentRunner.java:50)
	at org.junit.runners.ParentRunner$2.evaluate(ParentRunner.java:222)
	at org.junit.internal.runners.statements.RunBefores.evaluate(RunBefores.java:28)
	at org.junit.internal.runners.statements.RunAfters.evaluate(RunAfters.java:30)
	at org.junit.runners.ParentRunner.run(ParentRunner.java:300)
	at org.apache.maven.surefire.junit4.JUnit4TestSet.execute(JUnit4TestSet.java:62)
	at org.apache.maven.surefire.suite.AbstractDirectoryTestSuite.executeTestSet(AbstractDirectoryTestSuite.java:140)
	at org.apache.maven.surefire.suite.AbstractDirectoryTestSuite.execute(AbstractDirectoryTestSuite.java:127)
	at org.apache.maven.surefire.Surefire.run(Surefire.java:177)
	at sun.reflect.NativeMethodAccessorImpl.invoke0(Native Method)
	at sun.reflect.NativeMethodAccessorImpl.invoke(NativeMethodAccessorImpl.java:39)
	at sun.reflect.DelegatingMethodAccessorImpl.invoke(DelegatingMethodAccessorImpl.java:25)
	at java.lang.reflect.Method.invoke(Method.java:597)
	at org.apache.maven.surefire.booter.SurefireBooter.runSuitesInProcess(SurefireBooter.java:345)
	at org.apache.maven.surefire.booter.SurefireBooter.main(SurefireBooter.java:1009)
</error>
  </testcase>
</testsuite>